[2026-01-04T06:56:59.032+0000] {taskinstance.py:1956} INFO - Dependencies all met for dep_context=non-requeueable deps ti=<TaskInstance: dbt_bronze_to_gold.dbt_staging manual__2026-01-04T06:56:57.802858+00:00 [queued]>
[2026-01-04T06:56:59.049+0000] {taskinstance.py:1956} INFO - Dependencies all met for dep_context=requeueable deps ti=<TaskInstance: dbt_bronze_to_gold.dbt_staging manual__2026-01-04T06:56:57.802858+00:00 [queued]>
[2026-01-04T06:56:59.050+0000] {taskinstance.py:2170} INFO - Starting attempt 1 of 1
[2026-01-04T06:56:59.072+0000] {taskinstance.py:2191} INFO - Executing <Task(BashOperator): dbt_staging> on 2026-01-04 06:56:57.802858+00:00
[2026-01-04T06:56:59.078+0000] {standard_task_runner.py:60} INFO - Started process 216 to run task
[2026-01-04T06:56:59.085+0000] {standard_task_runner.py:87} INFO - Running: ['***', 'tasks', 'run', 'dbt_bronze_to_gold', 'dbt_staging', 'manual__2026-01-04T06:56:57.802858+00:00', '--job-id', '2', '--raw', '--subdir', 'DAGS_FOLDER/dbt_pipeline.py', '--cfg-path', '/tmp/tmpfl285lwz']
[2026-01-04T06:56:59.088+0000] {standard_task_runner.py:88} INFO - Job 2: Subtask dbt_staging
[2026-01-04T06:56:59.178+0000] {task_command.py:423} INFO - Running <TaskInstance: dbt_bronze_to_gold.dbt_staging manual__2026-01-04T06:56:57.802858+00:00 [running]> on host ab732ed2f5b1
[2026-01-04T06:56:59.264+0000] {taskinstance.py:2480} INFO - Exporting env vars: AIRFLOW_CTX_DAG_OWNER='***' AIRFLOW_CTX_DAG_ID='dbt_bronze_to_gold' AIRFLOW_CTX_TASK_ID='dbt_staging' AIRFLOW_CTX_EXECUTION_DATE='2026-01-04T06:56:57.802858+00:00' AIRFLOW_CTX_TRY_NUMBER='1' AIRFLOW_CTX_DAG_RUN_ID='manual__2026-01-04T06:56:57.802858+00:00'
[2026-01-04T06:56:59.265+0000] {subprocess.py:63} INFO - Tmp dir root location: /tmp
[2026-01-04T06:56:59.267+0000] {subprocess.py:75} INFO - Running command: ['/usr/bin/bash', '-c', 'cd /opt/dbt/dbt_3rd && dbt run --select staging']
[2026-01-04T06:56:59.277+0000] {subprocess.py:86} INFO - Output:
[2026-01-04T06:57:01.887+0000] {subprocess.py:93} INFO - [0m06:57:01  Running with dbt=1.7.9
[2026-01-04T06:57:02.228+0000] {subprocess.py:93} INFO - [0m06:57:02  Registered adapter: postgres=1.7.9
[2026-01-04T06:57:02.725+0000] {subprocess.py:93} INFO - [0m06:57:02  Found 27 models, 18 tests, 8 sources, 0 exposures, 0 metrics, 401 macros, 0 groups, 0 semantic models
[2026-01-04T06:57:02.728+0000] {subprocess.py:93} INFO - [0m06:57:02
[2026-01-04T06:57:03.271+0000] {subprocess.py:93} INFO - [0m06:57:03  Concurrency: 1 threads (target='dev')
[2026-01-04T06:57:03.272+0000] {subprocess.py:93} INFO - [0m06:57:03
[2026-01-04T06:57:03.282+0000] {subprocess.py:93} INFO - [0m06:57:03  1 of 8 START sql view model analytics_staging.stg_accounts ..................... [RUN]
[2026-01-04T06:57:03.483+0000] {subprocess.py:93} INFO - [0m06:57:03  1 of 8 OK created sql view model analytics_staging.stg_accounts ................ [[32mCREATE VIEW[0m in 0.20s]
[2026-01-04T06:57:03.486+0000] {subprocess.py:93} INFO - [0m06:57:03  2 of 8 START sql view model analytics_staging.stg_billing_events ............... [RUN]
[2026-01-04T06:57:03.584+0000] {subprocess.py:93} INFO - [0m06:57:03  2 of 8 OK created sql view model analytics_staging.stg_billing_events .......... [[32mCREATE VIEW[0m in 0.10s]
[2026-01-04T06:57:03.587+0000] {subprocess.py:93} INFO - [0m06:57:03  3 of 8 START sql view model analytics_staging.stg_incident_events .............. [RUN]
[2026-01-04T06:57:03.683+0000] {subprocess.py:93} INFO - [0m06:57:03  3 of 8 OK created sql view model analytics_staging.stg_incident_events ......... [[32mCREATE VIEW[0m in 0.09s]
[2026-01-04T06:57:03.686+0000] {subprocess.py:93} INFO - [0m06:57:03  4 of 8 START sql view model analytics_staging.stg_incidents .................... [RUN]
[2026-01-04T06:57:03.781+0000] {subprocess.py:93} INFO - [0m06:57:03  4 of 8 OK created sql view model analytics_staging.stg_incidents ............... [[32mCREATE VIEW[0m in 0.09s]
[2026-01-04T06:57:03.785+0000] {subprocess.py:93} INFO - [0m06:57:03  5 of 8 START sql view model analytics_staging.stg_login_events ................. [RUN]
[2026-01-04T06:57:03.885+0000] {subprocess.py:93} INFO - [0m06:57:03  5 of 8 OK created sql view model analytics_staging.stg_login_events ............ [[32mCREATE VIEW[0m in 0.10s]
[2026-01-04T06:57:03.889+0000] {subprocess.py:93} INFO - [0m06:57:03  6 of 8 START sql view model analytics_staging.stg_subscriptions ................ [RUN]
[2026-01-04T06:57:03.984+0000] {subprocess.py:93} INFO - [0m06:57:03  6 of 8 OK created sql view model analytics_staging.stg_subscriptions ........... [[32mCREATE VIEW[0m in 0.09s]
[2026-01-04T06:57:03.986+0000] {subprocess.py:93} INFO - [0m06:57:03  7 of 8 START sql view model analytics_staging.stg_usage_events ................. [RUN]
[2026-01-04T06:57:04.082+0000] {subprocess.py:93} INFO - [0m06:57:04  7 of 8 OK created sql view model analytics_staging.stg_usage_events ............ [[32mCREATE VIEW[0m in 0.09s]
[2026-01-04T06:57:04.084+0000] {subprocess.py:93} INFO - [0m06:57:04  8 of 8 START sql view model analytics_staging.stg_users ........................ [RUN]
[2026-01-04T06:57:04.302+0000] {subprocess.py:93} INFO - [0m06:57:04  8 of 8 OK created sql view model analytics_staging.stg_users ................... [[32mCREATE VIEW[0m in 0.22s]
[2026-01-04T06:57:04.456+0000] {subprocess.py:93} INFO - [0m06:57:04
[2026-01-04T06:57:04.457+0000] {subprocess.py:93} INFO - [0m06:57:04  Finished running 8 view models in 0 hours 0 minutes and 1.73 seconds (1.73s).
[2026-01-04T06:57:04.482+0000] {subprocess.py:93} INFO - [0m06:57:04
[2026-01-04T06:57:04.483+0000] {subprocess.py:93} INFO - [0m06:57:04  [32mCompleted successfully[0m
[2026-01-04T06:57:04.483+0000] {subprocess.py:93} INFO - [0m06:57:04
[2026-01-04T06:57:04.484+0000] {subprocess.py:93} INFO - [0m06:57:04  Done. PASS=8 WARN=0 ERROR=0 SKIP=0 TOTAL=8
[2026-01-04T06:57:04.683+0000] {subprocess.py:97} INFO - Command exited with return code 0
[2026-01-04T06:57:04.703+0000] {taskinstance.py:1138} INFO - Marking task as SUCCESS. dag_id=dbt_bronze_to_gold, task_id=dbt_staging, execution_date=20260104T065657, start_date=20260104T065659, end_date=20260104T065704
[2026-01-04T06:57:04.722+0000] {local_task_job_runner.py:234} INFO - Task exited with return code 0
[2026-01-04T06:57:04.744+0000] {taskinstance.py:3280} INFO - 1 downstream tasks scheduled from follow-on schedule check
