[2026-01-04T06:57:11.555+0000] {taskinstance.py:1956} INFO - Dependencies all met for dep_context=non-requeueable deps ti=<TaskInstance: dbt_bronze_to_gold.dbt_silver manual__2026-01-04T06:56:57.802858+00:00 [queued]>
[2026-01-04T06:57:11.561+0000] {taskinstance.py:1956} INFO - Dependencies all met for dep_context=requeueable deps ti=<TaskInstance: dbt_bronze_to_gold.dbt_silver manual__2026-01-04T06:56:57.802858+00:00 [queued]>
[2026-01-04T06:57:11.562+0000] {taskinstance.py:2170} INFO - Starting attempt 1 of 1
[2026-01-04T06:57:11.573+0000] {taskinstance.py:2191} INFO - Executing <Task(BashOperator): dbt_silver> on 2026-01-04 06:56:57.802858+00:00
[2026-01-04T06:57:11.577+0000] {standard_task_runner.py:60} INFO - Started process 240 to run task
[2026-01-04T06:57:11.580+0000] {standard_task_runner.py:87} INFO - Running: ['***', 'tasks', 'run', 'dbt_bronze_to_gold', 'dbt_silver', 'manual__2026-01-04T06:56:57.802858+00:00', '--job-id', '4', '--raw', '--subdir', 'DAGS_FOLDER/dbt_pipeline.py', '--cfg-path', '/tmp/tmplxnj_dpp']
[2026-01-04T06:57:11.582+0000] {standard_task_runner.py:88} INFO - Job 4: Subtask dbt_silver
[2026-01-04T06:57:11.637+0000] {task_command.py:423} INFO - Running <TaskInstance: dbt_bronze_to_gold.dbt_silver manual__2026-01-04T06:56:57.802858+00:00 [running]> on host ab732ed2f5b1
[2026-01-04T06:57:11.693+0000] {taskinstance.py:2480} INFO - Exporting env vars: AIRFLOW_CTX_DAG_OWNER='***' AIRFLOW_CTX_DAG_ID='dbt_bronze_to_gold' AIRFLOW_CTX_TASK_ID='dbt_silver' AIRFLOW_CTX_EXECUTION_DATE='2026-01-04T06:56:57.802858+00:00' AIRFLOW_CTX_TRY_NUMBER='1' AIRFLOW_CTX_DAG_RUN_ID='manual__2026-01-04T06:56:57.802858+00:00'
[2026-01-04T06:57:11.694+0000] {subprocess.py:63} INFO - Tmp dir root location: /tmp
[2026-01-04T06:57:11.695+0000] {subprocess.py:75} INFO - Running command: ['/usr/bin/bash', '-c', 'cd /opt/dbt/dbt_3rd && dbt run --select silver']
[2026-01-04T06:57:11.702+0000] {subprocess.py:86} INFO - Output:
[2026-01-04T06:57:13.552+0000] {subprocess.py:93} INFO - [0m06:57:13  Running with dbt=1.7.9
[2026-01-04T06:57:13.811+0000] {subprocess.py:93} INFO - [0m06:57:13  Registered adapter: postgres=1.7.9
[2026-01-04T06:57:14.387+0000] {subprocess.py:93} INFO - [0m06:57:14  Found 27 models, 18 tests, 8 sources, 0 exposures, 0 metrics, 401 macros, 0 groups, 0 semantic models
[2026-01-04T06:57:14.390+0000] {subprocess.py:93} INFO - [0m06:57:14
[2026-01-04T06:57:14.793+0000] {subprocess.py:93} INFO - [0m06:57:14  Concurrency: 1 threads (target='dev')
[2026-01-04T06:57:14.793+0000] {subprocess.py:93} INFO - [0m06:57:14
[2026-01-04T06:57:14.803+0000] {subprocess.py:93} INFO - [0m06:57:14  1 of 8 START sql table model analytics_silver.accounts_silver .................. [RUN]
[2026-01-04T06:57:15.005+0000] {subprocess.py:93} INFO - [0m06:57:15  1 of 8 OK created sql table model analytics_silver.accounts_silver ............. [[32mSELECT 5[0m in 0.20s]
[2026-01-04T06:57:15.009+0000] {subprocess.py:93} INFO - [0m06:57:15  2 of 8 START sql table model analytics_silver.billing_events_silver ............ [RUN]
[2026-01-04T06:57:15.125+0000] {subprocess.py:93} INFO - [0m06:57:15  2 of 8 OK created sql table model analytics_silver.billing_events_silver ....... [[32mSELECT 13[0m in 0.11s]
[2026-01-04T06:57:15.131+0000] {subprocess.py:93} INFO - [0m06:57:15  3 of 8 START sql table model analytics_silver.incident_events_silver ........... [RUN]
[2026-01-04T06:57:15.243+0000] {subprocess.py:93} INFO - [0m06:57:15  3 of 8 OK created sql table model analytics_silver.incident_events_silver ...... [[32mSELECT 15[0m in 0.11s]
[2026-01-04T06:57:15.245+0000] {subprocess.py:93} INFO - [0m06:57:15  4 of 8 START sql table model analytics_silver.incidents_silver ................. [RUN]
[2026-01-04T06:57:15.357+0000] {subprocess.py:93} INFO - [0m06:57:15  4 of 8 OK created sql table model analytics_silver.incidents_silver ............ [[32mSELECT 10[0m in 0.11s]
[2026-01-04T06:57:15.360+0000] {subprocess.py:93} INFO - [0m06:57:15  5 of 8 START sql table model analytics_silver.login_events_silver .............. [RUN]
[2026-01-04T06:57:15.493+0000] {subprocess.py:93} INFO - [0m06:57:15  5 of 8 OK created sql table model analytics_silver.login_events_silver ......... [[32mSELECT 12[0m in 0.13s]
[2026-01-04T06:57:15.497+0000] {subprocess.py:93} INFO - [0m06:57:15  6 of 8 START sql table model analytics_silver.subscriptions_silver ............. [RUN]
[2026-01-04T06:57:15.646+0000] {subprocess.py:93} INFO - [0m06:57:15  6 of 8 OK created sql table model analytics_silver.subscriptions_silver ........ [[32mSELECT 9[0m in 0.15s]
[2026-01-04T06:57:15.649+0000] {subprocess.py:93} INFO - [0m06:57:15  7 of 8 START sql table model analytics_silver.usage_events_silver .............. [RUN]
[2026-01-04T06:57:15.788+0000] {subprocess.py:93} INFO - [0m06:57:15  7 of 8 OK created sql table model analytics_silver.usage_events_silver ......... [[32mSELECT 12[0m in 0.14s]
[2026-01-04T06:57:15.793+0000] {subprocess.py:93} INFO - [0m06:57:15  8 of 8 START sql table model analytics_silver.users_silver ..................... [RUN]
[2026-01-04T06:57:15.924+0000] {subprocess.py:93} INFO - [0m06:57:15  8 of 8 OK created sql table model analytics_silver.users_silver ................ [[32mSELECT 24[0m in 0.13s]
[2026-01-04T06:57:15.982+0000] {subprocess.py:93} INFO - [0m06:57:15
[2026-01-04T06:57:15.983+0000] {subprocess.py:93} INFO - [0m06:57:15  Finished running 8 table models in 0 hours 0 minutes and 1.59 seconds (1.59s).
[2026-01-04T06:57:16.008+0000] {subprocess.py:93} INFO - [0m06:57:16
[2026-01-04T06:57:16.009+0000] {subprocess.py:93} INFO - [0m06:57:16  [32mCompleted successfully[0m
[2026-01-04T06:57:16.010+0000] {subprocess.py:93} INFO - [0m06:57:16
[2026-01-04T06:57:16.011+0000] {subprocess.py:93} INFO - [0m06:57:16  Done. PASS=8 WARN=0 ERROR=0 SKIP=0 TOTAL=8
[2026-01-04T06:57:16.176+0000] {subprocess.py:97} INFO - Command exited with return code 0
[2026-01-04T06:57:16.198+0000] {taskinstance.py:1138} INFO - Marking task as SUCCESS. dag_id=dbt_bronze_to_gold, task_id=dbt_silver, execution_date=20260104T065657, start_date=20260104T065711, end_date=20260104T065716
[2026-01-04T06:57:16.258+0000] {local_task_job_runner.py:234} INFO - Task exited with return code 0
[2026-01-04T06:57:16.280+0000] {taskinstance.py:3280} INFO - 1 downstream tasks scheduled from follow-on schedule check
