[2026-01-04T05:44:17.421+0000] {taskinstance.py:1956} INFO - Dependencies all met for dep_context=non-requeueable deps ti=<TaskInstance: dbt_bronze_to_gold.dbt_staging manual__2026-01-04T05:44:16.235013+00:00 [queued]>
[2026-01-04T05:44:17.429+0000] {taskinstance.py:1956} INFO - Dependencies all met for dep_context=requeueable deps ti=<TaskInstance: dbt_bronze_to_gold.dbt_staging manual__2026-01-04T05:44:16.235013+00:00 [queued]>
[2026-01-04T05:44:17.429+0000] {taskinstance.py:2170} INFO - Starting attempt 1 of 1
[2026-01-04T05:44:17.439+0000] {taskinstance.py:2191} INFO - Executing <Task(BashOperator): dbt_staging> on 2026-01-04 05:44:16.235013+00:00
[2026-01-04T05:44:17.444+0000] {standard_task_runner.py:60} INFO - Started process 200 to run task
[2026-01-04T05:44:17.446+0000] {standard_task_runner.py:87} INFO - Running: ['***', 'tasks', 'run', 'dbt_bronze_to_gold', 'dbt_staging', 'manual__2026-01-04T05:44:16.235013+00:00', '--job-id', '3', '--raw', '--subdir', 'DAGS_FOLDER/dbt_pipeline.py', '--cfg-path', '/tmp/tmpqf1gyidd']
[2026-01-04T05:44:17.449+0000] {standard_task_runner.py:88} INFO - Job 3: Subtask dbt_staging
[2026-01-04T05:44:17.513+0000] {task_command.py:423} INFO - Running <TaskInstance: dbt_bronze_to_gold.dbt_staging manual__2026-01-04T05:44:16.235013+00:00 [running]> on host 2fdb38e781d4
[2026-01-04T05:44:17.570+0000] {taskinstance.py:2480} INFO - Exporting env vars: AIRFLOW_CTX_DAG_OWNER='***' AIRFLOW_CTX_DAG_ID='dbt_bronze_to_gold' AIRFLOW_CTX_TASK_ID='dbt_staging' AIRFLOW_CTX_EXECUTION_DATE='2026-01-04T05:44:16.235013+00:00' AIRFLOW_CTX_TRY_NUMBER='1' AIRFLOW_CTX_DAG_RUN_ID='manual__2026-01-04T05:44:16.235013+00:00'
[2026-01-04T05:44:17.571+0000] {subprocess.py:63} INFO - Tmp dir root location: /tmp
[2026-01-04T05:44:17.572+0000] {subprocess.py:75} INFO - Running command: ['/usr/bin/bash', '-c', 'cd /opt/dbt/dbt_3rd && dbt run --select staging']
[2026-01-04T05:44:17.580+0000] {subprocess.py:86} INFO - Output:
[2026-01-04T05:44:19.450+0000] {subprocess.py:93} INFO - [0m05:44:19  Running with dbt=1.7.9
[2026-01-04T05:44:19.710+0000] {subprocess.py:93} INFO - [0m05:44:19  Registered adapter: postgres=1.7.9
[2026-01-04T05:44:20.253+0000] {subprocess.py:93} INFO - [0m05:44:20  Found 27 models, 18 tests, 8 sources, 0 exposures, 0 metrics, 401 macros, 0 groups, 0 semantic models
[2026-01-04T05:44:20.255+0000] {subprocess.py:93} INFO - [0m05:44:20
[2026-01-04T05:44:20.766+0000] {subprocess.py:93} INFO - [0m05:44:20  Concurrency: 1 threads (target='dev')
[2026-01-04T05:44:20.767+0000] {subprocess.py:93} INFO - [0m05:44:20
[2026-01-04T05:44:20.775+0000] {subprocess.py:93} INFO - [0m05:44:20  1 of 8 START sql view model analytics_staging.stg_accounts ..................... [RUN]
[2026-01-04T05:44:21.010+0000] {subprocess.py:93} INFO - [0m05:44:21  1 of 8 OK created sql view model analytics_staging.stg_accounts ................ [[32mCREATE VIEW[0m in 0.23s]
[2026-01-04T05:44:21.013+0000] {subprocess.py:93} INFO - [0m05:44:21  2 of 8 START sql view model analytics_staging.stg_billing_events ............... [RUN]
[2026-01-04T05:44:21.150+0000] {subprocess.py:93} INFO - [0m05:44:21  2 of 8 OK created sql view model analytics_staging.stg_billing_events .......... [[32mCREATE VIEW[0m in 0.14s]
[2026-01-04T05:44:21.153+0000] {subprocess.py:93} INFO - [0m05:44:21  3 of 8 START sql view model analytics_staging.stg_incident_events .............. [RUN]
[2026-01-04T05:44:21.339+0000] {subprocess.py:93} INFO - [0m05:44:21  3 of 8 OK created sql view model analytics_staging.stg_incident_events ......... [[32mCREATE VIEW[0m in 0.18s]
[2026-01-04T05:44:21.343+0000] {subprocess.py:93} INFO - [0m05:44:21  4 of 8 START sql view model analytics_staging.stg_incidents .................... [RUN]
[2026-01-04T05:44:21.485+0000] {subprocess.py:93} INFO - [0m05:44:21  4 of 8 OK created sql view model analytics_staging.stg_incidents ............... [[32mCREATE VIEW[0m in 0.14s]
[2026-01-04T05:44:21.487+0000] {subprocess.py:93} INFO - [0m05:44:21  5 of 8 START sql view model analytics_staging.stg_login_events ................. [RUN]
[2026-01-04T05:44:21.640+0000] {subprocess.py:93} INFO - [0m05:44:21  5 of 8 OK created sql view model analytics_staging.stg_login_events ............ [[32mCREATE VIEW[0m in 0.15s]
[2026-01-04T05:44:21.643+0000] {subprocess.py:93} INFO - [0m05:44:21  6 of 8 START sql view model analytics_staging.stg_subscriptions ................ [RUN]
[2026-01-04T05:44:21.783+0000] {subprocess.py:93} INFO - [0m05:44:21  6 of 8 OK created sql view model analytics_staging.stg_subscriptions ........... [[32mCREATE VIEW[0m in 0.14s]
[2026-01-04T05:44:21.786+0000] {subprocess.py:93} INFO - [0m05:44:21  7 of 8 START sql view model analytics_staging.stg_usage_events ................. [RUN]
[2026-01-04T05:44:21.941+0000] {subprocess.py:93} INFO - [0m05:44:21  7 of 8 OK created sql view model analytics_staging.stg_usage_events ............ [[32mCREATE VIEW[0m in 0.15s]
[2026-01-04T05:44:21.944+0000] {subprocess.py:93} INFO - [0m05:44:21  8 of 8 START sql view model analytics_staging.stg_users ........................ [RUN]
[2026-01-04T05:44:22.059+0000] {subprocess.py:93} INFO - [0m05:44:22  8 of 8 OK created sql view model analytics_staging.stg_users ................... [[32mCREATE VIEW[0m in 0.11s]
[2026-01-04T05:44:22.115+0000] {subprocess.py:93} INFO - [0m05:44:22
[2026-01-04T05:44:22.117+0000] {subprocess.py:93} INFO - [0m05:44:22  Finished running 8 view models in 0 hours 0 minutes and 1.86 seconds (1.86s).
[2026-01-04T05:44:22.145+0000] {subprocess.py:93} INFO - [0m05:44:22
[2026-01-04T05:44:22.146+0000] {subprocess.py:93} INFO - [0m05:44:22  [32mCompleted successfully[0m
[2026-01-04T05:44:22.146+0000] {subprocess.py:93} INFO - [0m05:44:22
[2026-01-04T05:44:22.147+0000] {subprocess.py:93} INFO - [0m05:44:22  Done. PASS=8 WARN=0 ERROR=0 SKIP=0 TOTAL=8
[2026-01-04T05:44:22.325+0000] {subprocess.py:97} INFO - Command exited with return code 0
[2026-01-04T05:44:22.345+0000] {taskinstance.py:1138} INFO - Marking task as SUCCESS. dag_id=dbt_bronze_to_gold, task_id=dbt_staging, execution_date=20260104T054416, start_date=20260104T054417, end_date=20260104T054422
[2026-01-04T05:44:22.364+0000] {local_task_job_runner.py:234} INFO - Task exited with return code 0
[2026-01-04T05:44:22.386+0000] {taskinstance.py:3280} INFO - 1 downstream tasks scheduled from follow-on schedule check
