[2026-01-04T05:44:28.539+0000] {taskinstance.py:1956} INFO - Dependencies all met for dep_context=non-requeueable deps ti=<TaskInstance: dbt_bronze_to_gold.dbt_silver manual__2026-01-04T05:44:16.235013+00:00 [queued]>
[2026-01-04T05:44:28.546+0000] {taskinstance.py:1956} INFO - Dependencies all met for dep_context=requeueable deps ti=<TaskInstance: dbt_bronze_to_gold.dbt_silver manual__2026-01-04T05:44:16.235013+00:00 [queued]>
[2026-01-04T05:44:28.547+0000] {taskinstance.py:2170} INFO - Starting attempt 1 of 1
[2026-01-04T05:44:28.558+0000] {taskinstance.py:2191} INFO - Executing <Task(BashOperator): dbt_silver> on 2026-01-04 05:44:16.235013+00:00
[2026-01-04T05:44:28.561+0000] {standard_task_runner.py:60} INFO - Started process 219 to run task
[2026-01-04T05:44:28.565+0000] {standard_task_runner.py:87} INFO - Running: ['***', 'tasks', 'run', 'dbt_bronze_to_gold', 'dbt_silver', 'manual__2026-01-04T05:44:16.235013+00:00', '--job-id', '5', '--raw', '--subdir', 'DAGS_FOLDER/dbt_pipeline.py', '--cfg-path', '/tmp/tmp7wh8beiw']
[2026-01-04T05:44:28.567+0000] {standard_task_runner.py:88} INFO - Job 5: Subtask dbt_silver
[2026-01-04T05:44:28.620+0000] {task_command.py:423} INFO - Running <TaskInstance: dbt_bronze_to_gold.dbt_silver manual__2026-01-04T05:44:16.235013+00:00 [running]> on host 2fdb38e781d4
[2026-01-04T05:44:28.675+0000] {taskinstance.py:2480} INFO - Exporting env vars: AIRFLOW_CTX_DAG_OWNER='***' AIRFLOW_CTX_DAG_ID='dbt_bronze_to_gold' AIRFLOW_CTX_TASK_ID='dbt_silver' AIRFLOW_CTX_EXECUTION_DATE='2026-01-04T05:44:16.235013+00:00' AIRFLOW_CTX_TRY_NUMBER='1' AIRFLOW_CTX_DAG_RUN_ID='manual__2026-01-04T05:44:16.235013+00:00'
[2026-01-04T05:44:28.676+0000] {subprocess.py:63} INFO - Tmp dir root location: /tmp
[2026-01-04T05:44:28.677+0000] {subprocess.py:75} INFO - Running command: ['/usr/bin/bash', '-c', 'cd /opt/dbt/dbt_3rd && dbt run --select silver']
[2026-01-04T05:44:28.684+0000] {subprocess.py:86} INFO - Output:
[2026-01-04T05:44:30.443+0000] {subprocess.py:93} INFO - [0m05:44:30  Running with dbt=1.7.9
[2026-01-04T05:44:30.706+0000] {subprocess.py:93} INFO - [0m05:44:30  Registered adapter: postgres=1.7.9
[2026-01-04T05:44:31.189+0000] {subprocess.py:93} INFO - [0m05:44:31  Found 27 models, 18 tests, 8 sources, 0 exposures, 0 metrics, 401 macros, 0 groups, 0 semantic models
[2026-01-04T05:44:31.191+0000] {subprocess.py:93} INFO - [0m05:44:31
[2026-01-04T05:44:31.588+0000] {subprocess.py:93} INFO - [0m05:44:31  Concurrency: 1 threads (target='dev')
[2026-01-04T05:44:31.589+0000] {subprocess.py:93} INFO - [0m05:44:31
[2026-01-04T05:44:31.596+0000] {subprocess.py:93} INFO - [0m05:44:31  1 of 8 START sql table model analytics_silver.accounts_silver .................. [RUN]
[2026-01-04T05:44:31.811+0000] {subprocess.py:93} INFO - [0m05:44:31  1 of 8 OK created sql table model analytics_silver.accounts_silver ............. [[32mSELECT 5[0m in 0.21s]
[2026-01-04T05:44:31.814+0000] {subprocess.py:93} INFO - [0m05:44:31  2 of 8 START sql table model analytics_silver.billing_events_silver ............ [RUN]
[2026-01-04T05:44:31.945+0000] {subprocess.py:93} INFO - [0m05:44:31  2 of 8 OK created sql table model analytics_silver.billing_events_silver ....... [[32mSELECT 13[0m in 0.13s]
[2026-01-04T05:44:31.948+0000] {subprocess.py:93} INFO - [0m05:44:31  3 of 8 START sql table model analytics_silver.incident_events_silver ........... [RUN]
[2026-01-04T05:44:32.075+0000] {subprocess.py:93} INFO - [0m05:44:32  3 of 8 OK created sql table model analytics_silver.incident_events_silver ...... [[32mSELECT 15[0m in 0.13s]
[2026-01-04T05:44:32.077+0000] {subprocess.py:93} INFO - [0m05:44:32  4 of 8 START sql table model analytics_silver.incidents_silver ................. [RUN]
[2026-01-04T05:44:32.205+0000] {subprocess.py:93} INFO - [0m05:44:32  4 of 8 OK created sql table model analytics_silver.incidents_silver ............ [[32mSELECT 10[0m in 0.13s]
[2026-01-04T05:44:32.210+0000] {subprocess.py:93} INFO - [0m05:44:32  5 of 8 START sql table model analytics_silver.login_events_silver .............. [RUN]
[2026-01-04T05:44:32.345+0000] {subprocess.py:93} INFO - [0m05:44:32  5 of 8 OK created sql table model analytics_silver.login_events_silver ......... [[32mSELECT 12[0m in 0.13s]
[2026-01-04T05:44:32.347+0000] {subprocess.py:93} INFO - [0m05:44:32  6 of 8 START sql table model analytics_silver.subscriptions_silver ............. [RUN]
[2026-01-04T05:44:32.480+0000] {subprocess.py:93} INFO - [0m05:44:32  6 of 8 OK created sql table model analytics_silver.subscriptions_silver ........ [[32mSELECT 9[0m in 0.13s]
[2026-01-04T05:44:32.482+0000] {subprocess.py:93} INFO - [0m05:44:32  7 of 8 START sql table model analytics_silver.usage_events_silver .............. [RUN]
[2026-01-04T05:44:32.617+0000] {subprocess.py:93} INFO - [0m05:44:32  7 of 8 OK created sql table model analytics_silver.usage_events_silver ......... [[32mSELECT 12[0m in 0.13s]
[2026-01-04T05:44:32.621+0000] {subprocess.py:93} INFO - [0m05:44:32  8 of 8 START sql table model analytics_silver.users_silver ..................... [RUN]
[2026-01-04T05:44:32.746+0000] {subprocess.py:93} INFO - [0m05:44:32  8 of 8 OK created sql table model analytics_silver.users_silver ................ [[32mSELECT 24[0m in 0.12s]
[2026-01-04T05:44:32.796+0000] {subprocess.py:93} INFO - [0m05:44:32
[2026-01-04T05:44:32.797+0000] {subprocess.py:93} INFO - [0m05:44:32  Finished running 8 table models in 0 hours 0 minutes and 1.60 seconds (1.60s).
[2026-01-04T05:44:32.822+0000] {subprocess.py:93} INFO - [0m05:44:32
[2026-01-04T05:44:32.823+0000] {subprocess.py:93} INFO - [0m05:44:32  [32mCompleted successfully[0m
[2026-01-04T05:44:32.824+0000] {subprocess.py:93} INFO - [0m05:44:32
[2026-01-04T05:44:32.825+0000] {subprocess.py:93} INFO - [0m05:44:32  Done. PASS=8 WARN=0 ERROR=0 SKIP=0 TOTAL=8
[2026-01-04T05:44:32.984+0000] {subprocess.py:97} INFO - Command exited with return code 0
[2026-01-04T05:44:33.004+0000] {taskinstance.py:1138} INFO - Marking task as SUCCESS. dag_id=dbt_bronze_to_gold, task_id=dbt_silver, execution_date=20260104T054416, start_date=20260104T054428, end_date=20260104T054433
[2026-01-04T05:44:33.031+0000] {local_task_job_runner.py:234} INFO - Task exited with return code 0
[2026-01-04T05:44:33.051+0000] {taskinstance.py:3280} INFO - 1 downstream tasks scheduled from follow-on schedule check
