[2026-01-04T05:49:48.827+0000] {taskinstance.py:1956} INFO - Dependencies all met for dep_context=non-requeueable deps ti=<TaskInstance: dbt_bronze_to_gold.dbt_gold manual__2026-01-04T05:49:28.159666+00:00 [queued]>
[2026-01-04T05:49:48.834+0000] {taskinstance.py:1956} INFO - Dependencies all met for dep_context=requeueable deps ti=<TaskInstance: dbt_bronze_to_gold.dbt_gold manual__2026-01-04T05:49:28.159666+00:00 [queued]>
[2026-01-04T05:49:48.835+0000] {taskinstance.py:2170} INFO - Starting attempt 1 of 1
[2026-01-04T05:49:48.844+0000] {taskinstance.py:2191} INFO - Executing <Task(BashOperator): dbt_gold> on 2026-01-04 05:49:28.159666+00:00
[2026-01-04T05:49:48.848+0000] {standard_task_runner.py:60} INFO - Started process 343 to run task
[2026-01-04T05:49:48.850+0000] {standard_task_runner.py:87} INFO - Running: ['***', 'tasks', 'run', 'dbt_bronze_to_gold', 'dbt_gold', 'manual__2026-01-04T05:49:28.159666+00:00', '--job-id', '12', '--raw', '--subdir', 'DAGS_FOLDER/dbt_pipeline.py', '--cfg-path', '/tmp/tmpz9t512al']
[2026-01-04T05:49:48.852+0000] {standard_task_runner.py:88} INFO - Job 12: Subtask dbt_gold
[2026-01-04T05:49:48.907+0000] {task_command.py:423} INFO - Running <TaskInstance: dbt_bronze_to_gold.dbt_gold manual__2026-01-04T05:49:28.159666+00:00 [running]> on host 2fdb38e781d4
[2026-01-04T05:49:48.963+0000] {taskinstance.py:2480} INFO - Exporting env vars: AIRFLOW_CTX_DAG_OWNER='***' AIRFLOW_CTX_DAG_ID='dbt_bronze_to_gold' AIRFLOW_CTX_TASK_ID='dbt_gold' AIRFLOW_CTX_EXECUTION_DATE='2026-01-04T05:49:28.159666+00:00' AIRFLOW_CTX_TRY_NUMBER='1' AIRFLOW_CTX_DAG_RUN_ID='manual__2026-01-04T05:49:28.159666+00:00'
[2026-01-04T05:49:48.964+0000] {subprocess.py:63} INFO - Tmp dir root location: /tmp
[2026-01-04T05:49:48.965+0000] {subprocess.py:75} INFO - Running command: ['/usr/bin/bash', '-c', 'cd /opt/dbt/dbt_3rd && dbt run --select gold']
[2026-01-04T05:49:48.972+0000] {subprocess.py:86} INFO - Output:
[2026-01-04T05:49:50.769+0000] {subprocess.py:93} INFO - [0m05:49:50  Running with dbt=1.7.9
[2026-01-04T05:49:51.015+0000] {subprocess.py:93} INFO - [0m05:49:51  Registered adapter: postgres=1.7.9
[2026-01-04T05:49:51.472+0000] {subprocess.py:93} INFO - [0m05:49:51  Found 27 models, 18 tests, 8 sources, 0 exposures, 0 metrics, 401 macros, 0 groups, 0 semantic models
[2026-01-04T05:49:51.475+0000] {subprocess.py:93} INFO - [0m05:49:51
[2026-01-04T05:49:51.881+0000] {subprocess.py:93} INFO - [0m05:49:51  Concurrency: 1 threads (target='dev')
[2026-01-04T05:49:51.882+0000] {subprocess.py:93} INFO - [0m05:49:51
[2026-01-04T05:49:51.890+0000] {subprocess.py:93} INFO - [0m05:49:51  1 of 8 START sql table model analytics_gold.dim_accounts ....................... [RUN]
[2026-01-04T05:49:52.171+0000] {subprocess.py:93} INFO - [0m05:49:52  1 of 8 OK created sql table model analytics_gold.dim_accounts .................. [[32mSELECT 5[0m in 0.28s]
[2026-01-04T05:49:52.175+0000] {subprocess.py:93} INFO - [0m05:49:52  2 of 8 START sql table model analytics_gold.dim_incidents ...................... [RUN]
[2026-01-04T05:49:52.305+0000] {subprocess.py:93} INFO - [0m05:49:52  2 of 8 OK created sql table model analytics_gold.dim_incidents ................. [[32mSELECT 10[0m in 0.13s]
[2026-01-04T05:49:52.309+0000] {subprocess.py:93} INFO - [0m05:49:52  3 of 8 START sql table model analytics_gold.dim_subscriptions .................. [RUN]
[2026-01-04T05:49:52.437+0000] {subprocess.py:93} INFO - [0m05:49:52  3 of 8 OK created sql table model analytics_gold.dim_subscriptions ............. [[32mSELECT 9[0m in 0.13s]
[2026-01-04T05:49:52.439+0000] {subprocess.py:93} INFO - [0m05:49:52  4 of 8 START sql table model analytics_gold.dim_users .......................... [RUN]
[2026-01-04T05:49:52.564+0000] {subprocess.py:93} INFO - [0m05:49:52  4 of 8 OK created sql table model analytics_gold.dim_users ..................... [[32mSELECT 24[0m in 0.12s]
[2026-01-04T05:49:52.567+0000] {subprocess.py:93} INFO - [0m05:49:52  5 of 8 START sql incremental model analytics_gold.fact_billing_events .......... [RUN]
[2026-01-04T05:49:52.757+0000] {subprocess.py:93} INFO - [0m05:49:52  5 of 8 OK created sql incremental model analytics_gold.fact_billing_events ..... [[32mINSERT 0 0[0m in 0.19s]
[2026-01-04T05:49:52.760+0000] {subprocess.py:93} INFO - [0m05:49:52  6 of 8 START sql incremental model analytics_gold.fact_incident_events ......... [RUN]
[2026-01-04T05:49:53.028+0000] {subprocess.py:93} INFO - [0m05:49:53  6 of 8 OK created sql incremental model analytics_gold.fact_incident_events .... [[32mINSERT 0 0[0m in 0.27s]
[2026-01-04T05:49:53.032+0000] {subprocess.py:93} INFO - [0m05:49:53  7 of 8 START sql incremental model analytics_gold.fact_login_events ............ [RUN]
[2026-01-04T05:49:53.199+0000] {subprocess.py:93} INFO - [0m05:49:53  7 of 8 OK created sql incremental model analytics_gold.fact_login_events ....... [[32mINSERT 0 0[0m in 0.17s]
[2026-01-04T05:49:53.202+0000] {subprocess.py:93} INFO - [0m05:49:53  8 of 8 START sql incremental model analytics_gold.fact_usage_events ............ [RUN]
[2026-01-04T05:49:53.356+0000] {subprocess.py:93} INFO - [0m05:49:53  8 of 8 OK created sql incremental model analytics_gold.fact_usage_events ....... [[32mINSERT 0 0[0m in 0.15s]
[2026-01-04T05:49:53.402+0000] {subprocess.py:93} INFO - [0m05:49:53
[2026-01-04T05:49:53.403+0000] {subprocess.py:93} INFO - [0m05:49:53  Finished running 4 table models, 4 incremental models in 0 hours 0 minutes and 1.93 seconds (1.93s).
[2026-01-04T05:49:53.425+0000] {subprocess.py:93} INFO - [0m05:49:53
[2026-01-04T05:49:53.426+0000] {subprocess.py:93} INFO - [0m05:49:53  [32mCompleted successfully[0m
[2026-01-04T05:49:53.427+0000] {subprocess.py:93} INFO - [0m05:49:53
[2026-01-04T05:49:53.427+0000] {subprocess.py:93} INFO - [0m05:49:53  Done. PASS=8 WARN=0 ERROR=0 SKIP=0 TOTAL=8
[2026-01-04T05:49:53.588+0000] {subprocess.py:97} INFO - Command exited with return code 0
[2026-01-04T05:49:53.609+0000] {taskinstance.py:1138} INFO - Marking task as SUCCESS. dag_id=dbt_bronze_to_gold, task_id=dbt_gold, execution_date=20260104T054928, start_date=20260104T054948, end_date=20260104T054953
[2026-01-04T05:49:53.654+0000] {local_task_job_runner.py:234} INFO - Task exited with return code 0
[2026-01-04T05:49:53.668+0000] {taskinstance.py:3280} INFO - 0 downstream tasks scheduled from follow-on schedule check
