[2026-01-04T05:49:39.803+0000] {taskinstance.py:1956} INFO - Dependencies all met for dep_context=non-requeueable deps ti=<TaskInstance: dbt_bronze_to_gold.dbt_silver manual__2026-01-04T05:49:28.159666+00:00 [queued]>
[2026-01-04T05:49:39.810+0000] {taskinstance.py:1956} INFO - Dependencies all met for dep_context=requeueable deps ti=<TaskInstance: dbt_bronze_to_gold.dbt_silver manual__2026-01-04T05:49:28.159666+00:00 [queued]>
[2026-01-04T05:49:39.812+0000] {taskinstance.py:2170} INFO - Starting attempt 1 of 1
[2026-01-04T05:49:39.823+0000] {taskinstance.py:2191} INFO - Executing <Task(BashOperator): dbt_silver> on 2026-01-04 05:49:28.159666+00:00
[2026-01-04T05:49:39.829+0000] {standard_task_runner.py:60} INFO - Started process 323 to run task
[2026-01-04T05:49:39.832+0000] {standard_task_runner.py:87} INFO - Running: ['***', 'tasks', 'run', 'dbt_bronze_to_gold', 'dbt_silver', 'manual__2026-01-04T05:49:28.159666+00:00', '--job-id', '10', '--raw', '--subdir', 'DAGS_FOLDER/dbt_pipeline.py', '--cfg-path', '/tmp/tmpxyurqbey']
[2026-01-04T05:49:39.834+0000] {standard_task_runner.py:88} INFO - Job 10: Subtask dbt_silver
[2026-01-04T05:49:39.890+0000] {task_command.py:423} INFO - Running <TaskInstance: dbt_bronze_to_gold.dbt_silver manual__2026-01-04T05:49:28.159666+00:00 [running]> on host 2fdb38e781d4
[2026-01-04T05:49:39.949+0000] {taskinstance.py:2480} INFO - Exporting env vars: AIRFLOW_CTX_DAG_OWNER='***' AIRFLOW_CTX_DAG_ID='dbt_bronze_to_gold' AIRFLOW_CTX_TASK_ID='dbt_silver' AIRFLOW_CTX_EXECUTION_DATE='2026-01-04T05:49:28.159666+00:00' AIRFLOW_CTX_TRY_NUMBER='1' AIRFLOW_CTX_DAG_RUN_ID='manual__2026-01-04T05:49:28.159666+00:00'
[2026-01-04T05:49:39.950+0000] {subprocess.py:63} INFO - Tmp dir root location: /tmp
[2026-01-04T05:49:39.951+0000] {subprocess.py:75} INFO - Running command: ['/usr/bin/bash', '-c', 'cd /opt/dbt/dbt_3rd && dbt run --select silver']
[2026-01-04T05:49:39.959+0000] {subprocess.py:86} INFO - Output:
[2026-01-04T05:49:41.726+0000] {subprocess.py:93} INFO - [0m05:49:41  Running with dbt=1.7.9
[2026-01-04T05:49:42.010+0000] {subprocess.py:93} INFO - [0m05:49:42  Registered adapter: postgres=1.7.9
[2026-01-04T05:49:42.497+0000] {subprocess.py:93} INFO - [0m05:49:42  Found 27 models, 18 tests, 8 sources, 0 exposures, 0 metrics, 401 macros, 0 groups, 0 semantic models
[2026-01-04T05:49:42.499+0000] {subprocess.py:93} INFO - [0m05:49:42
[2026-01-04T05:49:42.885+0000] {subprocess.py:93} INFO - [0m05:49:42  Concurrency: 1 threads (target='dev')
[2026-01-04T05:49:42.886+0000] {subprocess.py:93} INFO - [0m05:49:42
[2026-01-04T05:49:42.894+0000] {subprocess.py:93} INFO - [0m05:49:42  1 of 8 START sql table model analytics_silver.accounts_silver .................. [RUN]
[2026-01-04T05:49:43.129+0000] {subprocess.py:93} INFO - [0m05:49:43  1 of 8 OK created sql table model analytics_silver.accounts_silver ............. [[32mSELECT 5[0m in 0.23s]
[2026-01-04T05:49:43.134+0000] {subprocess.py:93} INFO - [0m05:49:43  2 of 8 START sql table model analytics_silver.billing_events_silver ............ [RUN]
[2026-01-04T05:49:43.267+0000] {subprocess.py:93} INFO - [0m05:49:43  2 of 8 OK created sql table model analytics_silver.billing_events_silver ....... [[32mSELECT 13[0m in 0.13s]
[2026-01-04T05:49:43.270+0000] {subprocess.py:93} INFO - [0m05:49:43  3 of 8 START sql table model analytics_silver.incident_events_silver ........... [RUN]
[2026-01-04T05:49:43.400+0000] {subprocess.py:93} INFO - [0m05:49:43  3 of 8 OK created sql table model analytics_silver.incident_events_silver ...... [[32mSELECT 15[0m in 0.13s]
[2026-01-04T05:49:43.402+0000] {subprocess.py:93} INFO - [0m05:49:43  4 of 8 START sql table model analytics_silver.incidents_silver ................. [RUN]
[2026-01-04T05:49:43.533+0000] {subprocess.py:93} INFO - [0m05:49:43  4 of 8 OK created sql table model analytics_silver.incidents_silver ............ [[32mSELECT 10[0m in 0.13s]
[2026-01-04T05:49:43.536+0000] {subprocess.py:93} INFO - [0m05:49:43  5 of 8 START sql table model analytics_silver.login_events_silver .............. [RUN]
[2026-01-04T05:49:43.669+0000] {subprocess.py:93} INFO - [0m05:49:43  5 of 8 OK created sql table model analytics_silver.login_events_silver ......... [[32mSELECT 12[0m in 0.13s]
[2026-01-04T05:49:43.672+0000] {subprocess.py:93} INFO - [0m05:49:43  6 of 8 START sql table model analytics_silver.subscriptions_silver ............. [RUN]
[2026-01-04T05:49:43.802+0000] {subprocess.py:93} INFO - [0m05:49:43  6 of 8 OK created sql table model analytics_silver.subscriptions_silver ........ [[32mSELECT 9[0m in 0.13s]
[2026-01-04T05:49:43.805+0000] {subprocess.py:93} INFO - [0m05:49:43  7 of 8 START sql table model analytics_silver.usage_events_silver .............. [RUN]
[2026-01-04T05:49:43.937+0000] {subprocess.py:93} INFO - [0m05:49:43  7 of 8 OK created sql table model analytics_silver.usage_events_silver ......... [[32mSELECT 12[0m in 0.13s]
[2026-01-04T05:49:43.940+0000] {subprocess.py:93} INFO - [0m05:49:43  8 of 8 START sql table model analytics_silver.users_silver ..................... [RUN]
[2026-01-04T05:49:44.070+0000] {subprocess.py:93} INFO - [0m05:49:44  8 of 8 OK created sql table model analytics_silver.users_silver ................ [[32mSELECT 24[0m in 0.13s]
[2026-01-04T05:49:44.119+0000] {subprocess.py:93} INFO - [0m05:49:44
[2026-01-04T05:49:44.120+0000] {subprocess.py:93} INFO - [0m05:49:44  Finished running 8 table models in 0 hours 0 minutes and 1.62 seconds (1.62s).
[2026-01-04T05:49:44.142+0000] {subprocess.py:93} INFO - [0m05:49:44
[2026-01-04T05:49:44.144+0000] {subprocess.py:93} INFO - [0m05:49:44  [32mCompleted successfully[0m
[2026-01-04T05:49:44.145+0000] {subprocess.py:93} INFO - [0m05:49:44
[2026-01-04T05:49:44.146+0000] {subprocess.py:93} INFO - [0m05:49:44  Done. PASS=8 WARN=0 ERROR=0 SKIP=0 TOTAL=8
[2026-01-04T05:49:44.299+0000] {subprocess.py:97} INFO - Command exited with return code 0
[2026-01-04T05:49:44.323+0000] {taskinstance.py:1138} INFO - Marking task as SUCCESS. dag_id=dbt_bronze_to_gold, task_id=dbt_silver, execution_date=20260104T054928, start_date=20260104T054939, end_date=20260104T054944
[2026-01-04T05:49:44.340+0000] {local_task_job_runner.py:234} INFO - Task exited with return code 0
[2026-01-04T05:49:44.360+0000] {taskinstance.py:3280} INFO - 1 downstream tasks scheduled from follow-on schedule check
