[2026-01-04T06:57:20.770+0000] {taskinstance.py:1956} INFO - Dependencies all met for dep_context=non-requeueable deps ti=<TaskInstance: dbt_bronze_to_gold.dbt_gold manual__2026-01-04T06:56:57.802858+00:00 [queued]>
[2026-01-04T06:57:20.778+0000] {taskinstance.py:1956} INFO - Dependencies all met for dep_context=requeueable deps ti=<TaskInstance: dbt_bronze_to_gold.dbt_gold manual__2026-01-04T06:56:57.802858+00:00 [queued]>
[2026-01-04T06:57:20.778+0000] {taskinstance.py:2170} INFO - Starting attempt 1 of 1
[2026-01-04T06:57:20.789+0000] {taskinstance.py:2191} INFO - Executing <Task(BashOperator): dbt_gold> on 2026-01-04 06:56:57.802858+00:00
[2026-01-04T06:57:20.795+0000] {standard_task_runner.py:60} INFO - Started process 260 to run task
[2026-01-04T06:57:20.798+0000] {standard_task_runner.py:87} INFO - Running: ['***', 'tasks', 'run', 'dbt_bronze_to_gold', 'dbt_gold', 'manual__2026-01-04T06:56:57.802858+00:00', '--job-id', '6', '--raw', '--subdir', 'DAGS_FOLDER/dbt_pipeline.py', '--cfg-path', '/tmp/tmprj_qq3ed']
[2026-01-04T06:57:20.799+0000] {standard_task_runner.py:88} INFO - Job 6: Subtask dbt_gold
[2026-01-04T06:57:20.854+0000] {task_command.py:423} INFO - Running <TaskInstance: dbt_bronze_to_gold.dbt_gold manual__2026-01-04T06:56:57.802858+00:00 [running]> on host ab732ed2f5b1
[2026-01-04T06:57:20.910+0000] {taskinstance.py:2480} INFO - Exporting env vars: AIRFLOW_CTX_DAG_OWNER='***' AIRFLOW_CTX_DAG_ID='dbt_bronze_to_gold' AIRFLOW_CTX_TASK_ID='dbt_gold' AIRFLOW_CTX_EXECUTION_DATE='2026-01-04T06:56:57.802858+00:00' AIRFLOW_CTX_TRY_NUMBER='1' AIRFLOW_CTX_DAG_RUN_ID='manual__2026-01-04T06:56:57.802858+00:00'
[2026-01-04T06:57:20.911+0000] {subprocess.py:63} INFO - Tmp dir root location: /tmp
[2026-01-04T06:57:20.912+0000] {subprocess.py:75} INFO - Running command: ['/usr/bin/bash', '-c', 'cd /opt/dbt/dbt_3rd && dbt run --select gold']
[2026-01-04T06:57:20.922+0000] {subprocess.py:86} INFO - Output:
[2026-01-04T06:57:22.742+0000] {subprocess.py:93} INFO - [0m06:57:22  Running with dbt=1.7.9
[2026-01-04T06:57:23.033+0000] {subprocess.py:93} INFO - [0m06:57:23  Registered adapter: postgres=1.7.9
[2026-01-04T06:57:23.548+0000] {subprocess.py:93} INFO - [0m06:57:23  Found 27 models, 18 tests, 8 sources, 0 exposures, 0 metrics, 401 macros, 0 groups, 0 semantic models
[2026-01-04T06:57:23.551+0000] {subprocess.py:93} INFO - [0m06:57:23
[2026-01-04T06:57:23.933+0000] {subprocess.py:93} INFO - [0m06:57:23  Concurrency: 1 threads (target='dev')
[2026-01-04T06:57:23.934+0000] {subprocess.py:93} INFO - [0m06:57:23
[2026-01-04T06:57:23.941+0000] {subprocess.py:93} INFO - [0m06:57:23  1 of 8 START sql table model analytics_gold.dim_accounts ....................... [RUN]
[2026-01-04T06:57:24.136+0000] {subprocess.py:93} INFO - [0m06:57:24  1 of 8 OK created sql table model analytics_gold.dim_accounts .................. [[32mSELECT 5[0m in 0.19s]
[2026-01-04T06:57:24.140+0000] {subprocess.py:93} INFO - [0m06:57:24  2 of 8 START sql table model analytics_gold.dim_incidents ...................... [RUN]
[2026-01-04T06:57:24.243+0000] {subprocess.py:93} INFO - [0m06:57:24  2 of 8 OK created sql table model analytics_gold.dim_incidents ................. [[32mSELECT 10[0m in 0.10s]
[2026-01-04T06:57:24.245+0000] {subprocess.py:93} INFO - [0m06:57:24  3 of 8 START sql table model analytics_gold.dim_subscriptions .................. [RUN]
[2026-01-04T06:57:24.463+0000] {subprocess.py:93} INFO - [0m06:57:24  3 of 8 OK created sql table model analytics_gold.dim_subscriptions ............. [[32mSELECT 9[0m in 0.22s]
[2026-01-04T06:57:24.466+0000] {subprocess.py:93} INFO - [0m06:57:24  4 of 8 START sql table model analytics_gold.dim_users .......................... [RUN]
[2026-01-04T06:57:24.570+0000] {subprocess.py:93} INFO - [0m06:57:24  4 of 8 OK created sql table model analytics_gold.dim_users ..................... [[32mSELECT 24[0m in 0.10s]
[2026-01-04T06:57:24.573+0000] {subprocess.py:93} INFO - [0m06:57:24  5 of 8 START sql incremental model analytics_gold.fact_billing_events .......... [RUN]
[2026-01-04T06:57:24.746+0000] {subprocess.py:93} INFO - [0m06:57:24  5 of 8 OK created sql incremental model analytics_gold.fact_billing_events ..... [[32mINSERT 0 0[0m in 0.17s]
[2026-01-04T06:57:24.749+0000] {subprocess.py:93} INFO - [0m06:57:24  6 of 8 START sql incremental model analytics_gold.fact_incident_events ......... [RUN]
[2026-01-04T06:57:24.873+0000] {subprocess.py:93} INFO - [0m06:57:24  6 of 8 OK created sql incremental model analytics_gold.fact_incident_events .... [[32mINSERT 0 0[0m in 0.12s]
[2026-01-04T06:57:24.877+0000] {subprocess.py:93} INFO - [0m06:57:24  7 of 8 START sql incremental model analytics_gold.fact_login_events ............ [RUN]
[2026-01-04T06:57:24.994+0000] {subprocess.py:93} INFO - [0m06:57:24  7 of 8 OK created sql incremental model analytics_gold.fact_login_events ....... [[32mINSERT 0 0[0m in 0.12s]
[2026-01-04T06:57:24.997+0000] {subprocess.py:93} INFO - [0m06:57:24  8 of 8 START sql incremental model analytics_gold.fact_usage_events ............ [RUN]
[2026-01-04T06:57:25.119+0000] {subprocess.py:93} INFO - [0m06:57:25  8 of 8 OK created sql incremental model analytics_gold.fact_usage_events ....... [[32mINSERT 0 0[0m in 0.12s]
[2026-01-04T06:57:25.169+0000] {subprocess.py:93} INFO - [0m06:57:25
[2026-01-04T06:57:25.170+0000] {subprocess.py:93} INFO - [0m06:57:25  Finished running 4 table models, 4 incremental models in 0 hours 0 minutes and 1.62 seconds (1.62s).
[2026-01-04T06:57:25.199+0000] {subprocess.py:93} INFO - [0m06:57:25
[2026-01-04T06:57:25.200+0000] {subprocess.py:93} INFO - [0m06:57:25  [32mCompleted successfully[0m
[2026-01-04T06:57:25.200+0000] {subprocess.py:93} INFO - [0m06:57:25
[2026-01-04T06:57:25.202+0000] {subprocess.py:93} INFO - [0m06:57:25  Done. PASS=8 WARN=0 ERROR=0 SKIP=0 TOTAL=8
[2026-01-04T06:57:25.374+0000] {subprocess.py:97} INFO - Command exited with return code 0
[2026-01-04T06:57:25.396+0000] {taskinstance.py:1138} INFO - Marking task as SUCCESS. dag_id=dbt_bronze_to_gold, task_id=dbt_gold, execution_date=20260104T065657, start_date=20260104T065720, end_date=20260104T065725
[2026-01-04T06:57:25.419+0000] {local_task_job_runner.py:234} INFO - Task exited with return code 0
[2026-01-04T06:57:25.433+0000] {taskinstance.py:3280} INFO - 0 downstream tasks scheduled from follow-on schedule check
