[2026-01-04T06:57:16.564+0000] {taskinstance.py:1956} INFO - Dependencies all met for dep_context=non-requeueable deps ti=<TaskInstance: dbt_bronze_to_gold.dbt_anomaly manual__2026-01-04T06:56:57.802858+00:00 [queued]>
[2026-01-04T06:57:16.572+0000] {taskinstance.py:1956} INFO - Dependencies all met for dep_context=requeueable deps ti=<TaskInstance: dbt_bronze_to_gold.dbt_anomaly manual__2026-01-04T06:56:57.802858+00:00 [queued]>
[2026-01-04T06:57:16.573+0000] {taskinstance.py:2170} INFO - Starting attempt 1 of 1
[2026-01-04T06:57:16.588+0000] {taskinstance.py:2191} INFO - Executing <Task(BashOperator): dbt_anomaly> on 2026-01-04 06:56:57.802858+00:00
[2026-01-04T06:57:16.593+0000] {standard_task_runner.py:60} INFO - Started process 250 to run task
[2026-01-04T06:57:16.597+0000] {standard_task_runner.py:87} INFO - Running: ['***', 'tasks', 'run', 'dbt_bronze_to_gold', 'dbt_anomaly', 'manual__2026-01-04T06:56:57.802858+00:00', '--job-id', '5', '--raw', '--subdir', 'DAGS_FOLDER/dbt_pipeline.py', '--cfg-path', '/tmp/tmp2j697084']
[2026-01-04T06:57:16.599+0000] {standard_task_runner.py:88} INFO - Job 5: Subtask dbt_anomaly
[2026-01-04T06:57:16.668+0000] {task_command.py:423} INFO - Running <TaskInstance: dbt_bronze_to_gold.dbt_anomaly manual__2026-01-04T06:56:57.802858+00:00 [running]> on host ab732ed2f5b1
[2026-01-04T06:57:16.742+0000] {taskinstance.py:2480} INFO - Exporting env vars: AIRFLOW_CTX_DAG_OWNER='***' AIRFLOW_CTX_DAG_ID='dbt_bronze_to_gold' AIRFLOW_CTX_TASK_ID='dbt_anomaly' AIRFLOW_CTX_EXECUTION_DATE='2026-01-04T06:56:57.802858+00:00' AIRFLOW_CTX_TRY_NUMBER='1' AIRFLOW_CTX_DAG_RUN_ID='manual__2026-01-04T06:56:57.802858+00:00'
[2026-01-04T06:57:16.744+0000] {subprocess.py:63} INFO - Tmp dir root location: /tmp
[2026-01-04T06:57:16.745+0000] {subprocess.py:75} INFO - Running command: ['/usr/bin/bash', '-c', 'cd /opt/dbt/dbt_3rd && dbt run --select ai ']
[2026-01-04T06:57:16.756+0000] {subprocess.py:86} INFO - Output:
[2026-01-04T06:57:18.697+0000] {subprocess.py:93} INFO - [0m06:57:18  Running with dbt=1.7.9
[2026-01-04T06:57:18.964+0000] {subprocess.py:93} INFO - [0m06:57:18  Registered adapter: postgres=1.7.9
[2026-01-04T06:57:19.465+0000] {subprocess.py:93} INFO - [0m06:57:19  Found 27 models, 18 tests, 8 sources, 0 exposures, 0 metrics, 401 macros, 0 groups, 0 semantic models
[2026-01-04T06:57:19.468+0000] {subprocess.py:93} INFO - [0m06:57:19
[2026-01-04T06:57:19.860+0000] {subprocess.py:93} INFO - [0m06:57:19  Concurrency: 1 threads (target='dev')
[2026-01-04T06:57:19.860+0000] {subprocess.py:93} INFO - [0m06:57:19
[2026-01-04T06:57:19.870+0000] {subprocess.py:93} INFO - [0m06:57:19  1 of 1 START sql table model analytics_ai.gold_usage_metrics_daily ............. [RUN]
[2026-01-04T06:57:20.084+0000] {subprocess.py:93} INFO - [0m06:57:20  1 of 1 OK created sql table model analytics_ai.gold_usage_metrics_daily ........ [[32mSELECT 3[0m in 0.21s]
[2026-01-04T06:57:20.132+0000] {subprocess.py:93} INFO - [0m06:57:20
[2026-01-04T06:57:20.133+0000] {subprocess.py:93} INFO - [0m06:57:20  Finished running 1 table model in 0 hours 0 minutes and 0.66 seconds (0.66s).
[2026-01-04T06:57:20.158+0000] {subprocess.py:93} INFO - [0m06:57:20
[2026-01-04T06:57:20.159+0000] {subprocess.py:93} INFO - [0m06:57:20  [32mCompleted successfully[0m
[2026-01-04T06:57:20.159+0000] {subprocess.py:93} INFO - [0m06:57:20
[2026-01-04T06:57:20.160+0000] {subprocess.py:93} INFO - [0m06:57:20  Done. PASS=1 WARN=0 ERROR=0 SKIP=0 TOTAL=1
[2026-01-04T06:57:20.342+0000] {subprocess.py:97} INFO - Command exited with return code 0
[2026-01-04T06:57:20.367+0000] {taskinstance.py:1138} INFO - Marking task as SUCCESS. dag_id=dbt_bronze_to_gold, task_id=dbt_anomaly, execution_date=20260104T065657, start_date=20260104T065716, end_date=20260104T065720
[2026-01-04T06:57:20.403+0000] {local_task_job_runner.py:234} INFO - Task exited with return code 0
[2026-01-04T06:57:20.421+0000] {taskinstance.py:3280} INFO - 1 downstream tasks scheduled from follow-on schedule check
