[2026-01-04T05:49:44.845+0000] {taskinstance.py:1956} INFO - Dependencies all met for dep_context=non-requeueable deps ti=<TaskInstance: dbt_bronze_to_gold.dbt_anomaly manual__2026-01-04T05:49:28.159666+00:00 [queued]>
[2026-01-04T05:49:44.852+0000] {taskinstance.py:1956} INFO - Dependencies all met for dep_context=requeueable deps ti=<TaskInstance: dbt_bronze_to_gold.dbt_anomaly manual__2026-01-04T05:49:28.159666+00:00 [queued]>
[2026-01-04T05:49:44.852+0000] {taskinstance.py:2170} INFO - Starting attempt 1 of 1
[2026-01-04T05:49:44.864+0000] {taskinstance.py:2191} INFO - Executing <Task(BashOperator): dbt_anomaly> on 2026-01-04 05:49:28.159666+00:00
[2026-01-04T05:49:44.868+0000] {standard_task_runner.py:60} INFO - Started process 333 to run task
[2026-01-04T05:49:44.871+0000] {standard_task_runner.py:87} INFO - Running: ['***', 'tasks', 'run', 'dbt_bronze_to_gold', 'dbt_anomaly', 'manual__2026-01-04T05:49:28.159666+00:00', '--job-id', '11', '--raw', '--subdir', 'DAGS_FOLDER/dbt_pipeline.py', '--cfg-path', '/tmp/tmpn_iwn01w']
[2026-01-04T05:49:44.873+0000] {standard_task_runner.py:88} INFO - Job 11: Subtask dbt_anomaly
[2026-01-04T05:49:44.927+0000] {task_command.py:423} INFO - Running <TaskInstance: dbt_bronze_to_gold.dbt_anomaly manual__2026-01-04T05:49:28.159666+00:00 [running]> on host 2fdb38e781d4
[2026-01-04T05:49:44.987+0000] {taskinstance.py:2480} INFO - Exporting env vars: AIRFLOW_CTX_DAG_OWNER='***' AIRFLOW_CTX_DAG_ID='dbt_bronze_to_gold' AIRFLOW_CTX_TASK_ID='dbt_anomaly' AIRFLOW_CTX_EXECUTION_DATE='2026-01-04T05:49:28.159666+00:00' AIRFLOW_CTX_TRY_NUMBER='1' AIRFLOW_CTX_DAG_RUN_ID='manual__2026-01-04T05:49:28.159666+00:00'
[2026-01-04T05:49:44.989+0000] {subprocess.py:63} INFO - Tmp dir root location: /tmp
[2026-01-04T05:49:44.990+0000] {subprocess.py:75} INFO - Running command: ['/usr/bin/bash', '-c', 'cd /opt/dbt/dbt_3rd && dbt run --select ai ']
[2026-01-04T05:49:44.997+0000] {subprocess.py:86} INFO - Output:
[2026-01-04T05:49:46.841+0000] {subprocess.py:93} INFO - [0m05:49:46  Running with dbt=1.7.9
[2026-01-04T05:49:47.117+0000] {subprocess.py:93} INFO - [0m05:49:47  Registered adapter: postgres=1.7.9
[2026-01-04T05:49:47.587+0000] {subprocess.py:93} INFO - [0m05:49:47  Found 27 models, 18 tests, 8 sources, 0 exposures, 0 metrics, 401 macros, 0 groups, 0 semantic models
[2026-01-04T05:49:47.589+0000] {subprocess.py:93} INFO - [0m05:49:47
[2026-01-04T05:49:47.974+0000] {subprocess.py:93} INFO - [0m05:49:47  Concurrency: 1 threads (target='dev')
[2026-01-04T05:49:47.974+0000] {subprocess.py:93} INFO - [0m05:49:47
[2026-01-04T05:49:47.981+0000] {subprocess.py:93} INFO - [0m05:49:47  1 of 1 START sql table model analytics_ai.gold_usage_metrics_daily ............. [RUN]
[2026-01-04T05:49:48.218+0000] {subprocess.py:93} INFO - [0m05:49:48  1 of 1 OK created sql table model analytics_ai.gold_usage_metrics_daily ........ [[32mSELECT 3[0m in 0.24s]
[2026-01-04T05:49:48.266+0000] {subprocess.py:93} INFO - [0m05:49:48
[2026-01-04T05:49:48.267+0000] {subprocess.py:93} INFO - [0m05:49:48  Finished running 1 table model in 0 hours 0 minutes and 0.68 seconds (0.68s).
[2026-01-04T05:49:48.289+0000] {subprocess.py:93} INFO - [0m05:49:48
[2026-01-04T05:49:48.291+0000] {subprocess.py:93} INFO - [0m05:49:48  [32mCompleted successfully[0m
[2026-01-04T05:49:48.292+0000] {subprocess.py:93} INFO - [0m05:49:48
[2026-01-04T05:49:48.293+0000] {subprocess.py:93} INFO - [0m05:49:48  Done. PASS=1 WARN=0 ERROR=0 SKIP=0 TOTAL=1
[2026-01-04T05:49:48.452+0000] {subprocess.py:97} INFO - Command exited with return code 0
[2026-01-04T05:49:48.474+0000] {taskinstance.py:1138} INFO - Marking task as SUCCESS. dag_id=dbt_bronze_to_gold, task_id=dbt_anomaly, execution_date=20260104T054928, start_date=20260104T054944, end_date=20260104T054948
[2026-01-04T05:49:48.502+0000] {local_task_job_runner.py:234} INFO - Task exited with return code 0
[2026-01-04T05:49:48.517+0000] {taskinstance.py:3280} INFO - 1 downstream tasks scheduled from follow-on schedule check
