[2026-01-04T05:44:37.573+0000] {taskinstance.py:1956} INFO - Dependencies all met for dep_context=non-requeueable deps ti=<TaskInstance: dbt_bronze_to_gold.dbt_gold manual__2026-01-04T05:44:16.235013+00:00 [queued]>
[2026-01-04T05:44:37.581+0000] {taskinstance.py:1956} INFO - Dependencies all met for dep_context=requeueable deps ti=<TaskInstance: dbt_bronze_to_gold.dbt_gold manual__2026-01-04T05:44:16.235013+00:00 [queued]>
[2026-01-04T05:44:37.582+0000] {taskinstance.py:2170} INFO - Starting attempt 1 of 1
[2026-01-04T05:44:37.592+0000] {taskinstance.py:2191} INFO - Executing <Task(BashOperator): dbt_gold> on 2026-01-04 05:44:16.235013+00:00
[2026-01-04T05:44:37.595+0000] {standard_task_runner.py:60} INFO - Started process 244 to run task
[2026-01-04T05:44:37.598+0000] {standard_task_runner.py:87} INFO - Running: ['***', 'tasks', 'run', 'dbt_bronze_to_gold', 'dbt_gold', 'manual__2026-01-04T05:44:16.235013+00:00', '--job-id', '7', '--raw', '--subdir', 'DAGS_FOLDER/dbt_pipeline.py', '--cfg-path', '/tmp/tmpu8uqxqld']
[2026-01-04T05:44:37.600+0000] {standard_task_runner.py:88} INFO - Job 7: Subtask dbt_gold
[2026-01-04T05:44:37.654+0000] {task_command.py:423} INFO - Running <TaskInstance: dbt_bronze_to_gold.dbt_gold manual__2026-01-04T05:44:16.235013+00:00 [running]> on host 2fdb38e781d4
[2026-01-04T05:44:37.708+0000] {taskinstance.py:2480} INFO - Exporting env vars: AIRFLOW_CTX_DAG_OWNER='***' AIRFLOW_CTX_DAG_ID='dbt_bronze_to_gold' AIRFLOW_CTX_TASK_ID='dbt_gold' AIRFLOW_CTX_EXECUTION_DATE='2026-01-04T05:44:16.235013+00:00' AIRFLOW_CTX_TRY_NUMBER='1' AIRFLOW_CTX_DAG_RUN_ID='manual__2026-01-04T05:44:16.235013+00:00'
[2026-01-04T05:44:37.709+0000] {subprocess.py:63} INFO - Tmp dir root location: /tmp
[2026-01-04T05:44:37.710+0000] {subprocess.py:75} INFO - Running command: ['/usr/bin/bash', '-c', 'cd /opt/dbt/dbt_3rd && dbt run --select gold']
[2026-01-04T05:44:37.716+0000] {subprocess.py:86} INFO - Output:
[2026-01-04T05:44:39.491+0000] {subprocess.py:93} INFO - [0m05:44:39  Running with dbt=1.7.9
[2026-01-04T05:44:39.766+0000] {subprocess.py:93} INFO - [0m05:44:39  Registered adapter: postgres=1.7.9
[2026-01-04T05:44:40.258+0000] {subprocess.py:93} INFO - [0m05:44:40  Found 27 models, 18 tests, 8 sources, 0 exposures, 0 metrics, 401 macros, 0 groups, 0 semantic models
[2026-01-04T05:44:40.261+0000] {subprocess.py:93} INFO - [0m05:44:40
[2026-01-04T05:44:40.658+0000] {subprocess.py:93} INFO - [0m05:44:40  Concurrency: 1 threads (target='dev')
[2026-01-04T05:44:40.658+0000] {subprocess.py:93} INFO - [0m05:44:40
[2026-01-04T05:44:40.667+0000] {subprocess.py:93} INFO - [0m05:44:40  1 of 8 START sql table model analytics_gold.dim_accounts ....................... [RUN]
[2026-01-04T05:44:40.895+0000] {subprocess.py:93} INFO - [0m05:44:40  1 of 8 OK created sql table model analytics_gold.dim_accounts .................. [[32mSELECT 5[0m in 0.23s]
[2026-01-04T05:44:40.898+0000] {subprocess.py:93} INFO - [0m05:44:40  2 of 8 START sql table model analytics_gold.dim_incidents ...................... [RUN]
[2026-01-04T05:44:41.026+0000] {subprocess.py:93} INFO - [0m05:44:41  2 of 8 OK created sql table model analytics_gold.dim_incidents ................. [[32mSELECT 10[0m in 0.13s]
[2026-01-04T05:44:41.029+0000] {subprocess.py:93} INFO - [0m05:44:41  3 of 8 START sql table model analytics_gold.dim_subscriptions .................. [RUN]
[2026-01-04T05:44:41.157+0000] {subprocess.py:93} INFO - [0m05:44:41  3 of 8 OK created sql table model analytics_gold.dim_subscriptions ............. [[32mSELECT 9[0m in 0.13s]
[2026-01-04T05:44:41.160+0000] {subprocess.py:93} INFO - [0m05:44:41  4 of 8 START sql table model analytics_gold.dim_users .......................... [RUN]
[2026-01-04T05:44:41.291+0000] {subprocess.py:93} INFO - [0m05:44:41  4 of 8 OK created sql table model analytics_gold.dim_users ..................... [[32mSELECT 24[0m in 0.13s]
[2026-01-04T05:44:41.293+0000] {subprocess.py:93} INFO - [0m05:44:41  5 of 8 START sql incremental model analytics_gold.fact_billing_events .......... [RUN]
[2026-01-04T05:44:41.493+0000] {subprocess.py:93} INFO - [0m05:44:41  5 of 8 OK created sql incremental model analytics_gold.fact_billing_events ..... [[32mINSERT 0 0[0m in 0.20s]
[2026-01-04T05:44:41.496+0000] {subprocess.py:93} INFO - [0m05:44:41  6 of 8 START sql incremental model analytics_gold.fact_incident_events ......... [RUN]
[2026-01-04T05:44:41.640+0000] {subprocess.py:93} INFO - [0m05:44:41  6 of 8 OK created sql incremental model analytics_gold.fact_incident_events .... [[32mINSERT 0 0[0m in 0.14s]
[2026-01-04T05:44:41.643+0000] {subprocess.py:93} INFO - [0m05:44:41  7 of 8 START sql incremental model analytics_gold.fact_login_events ............ [RUN]
[2026-01-04T05:44:41.785+0000] {subprocess.py:93} INFO - [0m05:44:41  7 of 8 OK created sql incremental model analytics_gold.fact_login_events ....... [[32mINSERT 0 0[0m in 0.14s]
[2026-01-04T05:44:41.789+0000] {subprocess.py:93} INFO - [0m05:44:41  8 of 8 START sql incremental model analytics_gold.fact_usage_events ............ [RUN]
[2026-01-04T05:44:41.931+0000] {subprocess.py:93} INFO - [0m05:44:41  8 of 8 OK created sql incremental model analytics_gold.fact_usage_events ....... [[32mINSERT 0 0[0m in 0.14s]
[2026-01-04T05:44:41.976+0000] {subprocess.py:93} INFO - [0m05:44:41
[2026-01-04T05:44:41.977+0000] {subprocess.py:93} INFO - [0m05:44:41  Finished running 4 table models, 4 incremental models in 0 hours 0 minutes and 1.71 seconds (1.71s).
[2026-01-04T05:44:41.999+0000] {subprocess.py:93} INFO - [0m05:44:41
[2026-01-04T05:44:42.000+0000] {subprocess.py:93} INFO - [0m05:44:42  [32mCompleted successfully[0m
[2026-01-04T05:44:42.001+0000] {subprocess.py:93} INFO - [0m05:44:42
[2026-01-04T05:44:42.002+0000] {subprocess.py:93} INFO - [0m05:44:42  Done. PASS=8 WARN=0 ERROR=0 SKIP=0 TOTAL=8
[2026-01-04T05:44:42.157+0000] {subprocess.py:97} INFO - Command exited with return code 0
[2026-01-04T05:44:42.179+0000] {taskinstance.py:1138} INFO - Marking task as SUCCESS. dag_id=dbt_bronze_to_gold, task_id=dbt_gold, execution_date=20260104T054416, start_date=20260104T054437, end_date=20260104T054442
[2026-01-04T05:44:42.222+0000] {local_task_job_runner.py:234} INFO - Task exited with return code 0
[2026-01-04T05:44:42.235+0000] {taskinstance.py:3280} INFO - 0 downstream tasks scheduled from follow-on schedule check
