[2026-01-04T05:44:33.592+0000] {taskinstance.py:1956} INFO - Dependencies all met for dep_context=non-requeueable deps ti=<TaskInstance: dbt_bronze_to_gold.dbt_anomaly manual__2026-01-04T05:44:16.235013+00:00 [queued]>
[2026-01-04T05:44:33.600+0000] {taskinstance.py:1956} INFO - Dependencies all met for dep_context=requeueable deps ti=<TaskInstance: dbt_bronze_to_gold.dbt_anomaly manual__2026-01-04T05:44:16.235013+00:00 [queued]>
[2026-01-04T05:44:33.601+0000] {taskinstance.py:2170} INFO - Starting attempt 1 of 1
[2026-01-04T05:44:33.611+0000] {taskinstance.py:2191} INFO - Executing <Task(BashOperator): dbt_anomaly> on 2026-01-04 05:44:16.235013+00:00
[2026-01-04T05:44:33.615+0000] {standard_task_runner.py:60} INFO - Started process 234 to run task
[2026-01-04T05:44:33.618+0000] {standard_task_runner.py:87} INFO - Running: ['***', 'tasks', 'run', 'dbt_bronze_to_gold', 'dbt_anomaly', 'manual__2026-01-04T05:44:16.235013+00:00', '--job-id', '6', '--raw', '--subdir', 'DAGS_FOLDER/dbt_pipeline.py', '--cfg-path', '/tmp/tmpn5lkycn_']
[2026-01-04T05:44:33.620+0000] {standard_task_runner.py:88} INFO - Job 6: Subtask dbt_anomaly
[2026-01-04T05:44:33.675+0000] {task_command.py:423} INFO - Running <TaskInstance: dbt_bronze_to_gold.dbt_anomaly manual__2026-01-04T05:44:16.235013+00:00 [running]> on host 2fdb38e781d4
[2026-01-04T05:44:33.730+0000] {taskinstance.py:2480} INFO - Exporting env vars: AIRFLOW_CTX_DAG_OWNER='***' AIRFLOW_CTX_DAG_ID='dbt_bronze_to_gold' AIRFLOW_CTX_TASK_ID='dbt_anomaly' AIRFLOW_CTX_EXECUTION_DATE='2026-01-04T05:44:16.235013+00:00' AIRFLOW_CTX_TRY_NUMBER='1' AIRFLOW_CTX_DAG_RUN_ID='manual__2026-01-04T05:44:16.235013+00:00'
[2026-01-04T05:44:33.731+0000] {subprocess.py:63} INFO - Tmp dir root location: /tmp
[2026-01-04T05:44:33.732+0000] {subprocess.py:75} INFO - Running command: ['/usr/bin/bash', '-c', 'cd /opt/dbt/dbt_3rd && dbt run --select ai ']
[2026-01-04T05:44:33.739+0000] {subprocess.py:86} INFO - Output:
[2026-01-04T05:44:35.634+0000] {subprocess.py:93} INFO - [0m05:44:35  Running with dbt=1.7.9
[2026-01-04T05:44:35.891+0000] {subprocess.py:93} INFO - [0m05:44:35  Registered adapter: postgres=1.7.9
[2026-01-04T05:44:36.404+0000] {subprocess.py:93} INFO - [0m05:44:36  Found 27 models, 18 tests, 8 sources, 0 exposures, 0 metrics, 401 macros, 0 groups, 0 semantic models
[2026-01-04T05:44:36.407+0000] {subprocess.py:93} INFO - [0m05:44:36
[2026-01-04T05:44:36.863+0000] {subprocess.py:93} INFO - [0m05:44:36  Concurrency: 1 threads (target='dev')
[2026-01-04T05:44:36.864+0000] {subprocess.py:93} INFO - [0m05:44:36
[2026-01-04T05:44:36.871+0000] {subprocess.py:93} INFO - [0m05:44:36  1 of 1 START sql table model analytics_ai.gold_usage_metrics_daily ............. [RUN]
[2026-01-04T05:44:37.098+0000] {subprocess.py:93} INFO - [0m05:44:37  1 of 1 OK created sql table model analytics_ai.gold_usage_metrics_daily ........ [[32mSELECT 3[0m in 0.23s]
[2026-01-04T05:44:37.148+0000] {subprocess.py:93} INFO - [0m05:44:37
[2026-01-04T05:44:37.149+0000] {subprocess.py:93} INFO - [0m05:44:37  Finished running 1 table model in 0 hours 0 minutes and 0.74 seconds (0.74s).
[2026-01-04T05:44:37.172+0000] {subprocess.py:93} INFO - [0m05:44:37
[2026-01-04T05:44:37.173+0000] {subprocess.py:93} INFO - [0m05:44:37  [32mCompleted successfully[0m
[2026-01-04T05:44:37.174+0000] {subprocess.py:93} INFO - [0m05:44:37
[2026-01-04T05:44:37.175+0000] {subprocess.py:93} INFO - [0m05:44:37  Done. PASS=1 WARN=0 ERROR=0 SKIP=0 TOTAL=1
[2026-01-04T05:44:37.335+0000] {subprocess.py:97} INFO - Command exited with return code 0
[2026-01-04T05:44:37.358+0000] {taskinstance.py:1138} INFO - Marking task as SUCCESS. dag_id=dbt_bronze_to_gold, task_id=dbt_anomaly, execution_date=20260104T054416, start_date=20260104T054433, end_date=20260104T054437
[2026-01-04T05:44:37.375+0000] {local_task_job_runner.py:234} INFO - Task exited with return code 0
[2026-01-04T05:44:37.399+0000] {taskinstance.py:3280} INFO - 1 downstream tasks scheduled from follow-on schedule check
